{"uuid":"1dc05e33-ca19-48b0-966c-f4fd7367c1eb","historyId":"e17023c13ceabefb7d5f4ed5035621c6","fullName":"Test.CompanyTest.testaddcompany","labels":[{"name":"package","value":"Test.CompanyTest"},{"name":"testClass","value":"Test.CompanyTest"},{"name":"testMethod","value":"testaddcompany"},{"name":"parentSuite","value":"ECommerece"},{"name":"suite","value":"base"},{"name":"subSuite","value":"Test.CompanyTest"},{"name":"host","value":"DESKTOP-55N8I2I"},{"name":"thread","value":"5236@DESKTOP-55N8I2I.main(1)"},{"name":"framework","value":"testng"},{"name":"language","value":"java"}],"links":[],"name":"testaddcompany","status":"broken","statusDetails":{"known":false,"muted":false,"flaky":false,"message":"Error {\n  message='Error: strict mode violation: locator(\"//mat-icon[text()='add']\") resolved to 2 elements:\n    1) <mat-icon role=\"img\" aria-hidden=\"true\" data-mat-icon-type=\"font\" class=\"mat-icon notranslate mat-18 material-icons mat-ligature-font mat-icon-no-color\">add</mat-icon> aka getByRole(AriaRole.BUTTON, new Page.GetByRoleOptions().setName(\"إضافة شركة\"))\n    2) <mat-icon role=\"img\" aria-hidden=\"true\" data-mat-icon-type=\"font\" class=\"mat-icon notranslate mat-18 material-icons mat-ligature-font mat-icon-no-color\">add</mat-icon> aka getByRole(AriaRole.BUTTON, new Page.GetByRoleOptions().setName(\"إضافة فئة\"))\n\n  name='Error\n  stack='Error: Error: strict mode violation: locator(\"//mat-icon[text()='add']\") resolved to 2 elements:\n    1) <mat-icon role=\"img\" aria-hidden=\"true\" data-mat-icon-type=\"font\" class=\"mat-icon notranslate mat-18 material-icons mat-ligature-font mat-icon-no-color\">add</mat-icon> aka getByRole(AriaRole.BUTTON, new Page.GetByRoleOptions().setName(\"إضافة شركة\"))\n    2) <mat-icon role=\"img\" aria-hidden=\"true\" data-mat-icon-type=\"font\" class=\"mat-icon notranslate mat-18 material-icons mat-ligature-font mat-icon-no-color\">add</mat-icon> aka getByRole(AriaRole.BUTTON, new Page.GetByRoleOptions().setName(\"إضافة فئة\"))\n\n    at CRExecutionContext.evaluateWithArguments (C:\\Users\\STORM\\AppData\\Local\\Temp\\playwright-java-13661932664657746048\\package\\lib\\server\\chromium\\crExecutionContext.js:92:33)\n    at async LongStandingScope._race (C:\\Users\\STORM\\AppData\\Local\\Temp\\playwright-java-13661932664657746048\\package\\lib\\utils\\manualPromise.js:96:14)\n    at async evaluateExpression (C:\\Users\\STORM\\AppData\\Local\\Temp\\playwright-java-13661932664657746048\\package\\lib\\server\\javascript.js:242:12)\n    at async C:\\Users\\STORM\\AppData\\Local\\Temp\\playwright-java-13661932664657746048\\package\\lib\\server\\frames.js:959:22\n    at async Frame.retryWithProgressAndTimeouts (C:\\Users\\STORM\\AppData\\Local\\Temp\\playwright-java-13661932664657746048\\package\\lib\\server\\frames.js:929:24)\n    at async C:\\Users\\STORM\\AppData\\Local\\Temp\\playwright-java-13661932664657746048\\package\\lib\\server\\frames.js:1014:29\n    at async ProgressController.run (C:\\Users\\STORM\\AppData\\Local\\Temp\\playwright-java-13661932664657746048\\package\\lib\\server\\progress.js:82:22)\n    at async FrameDispatcher.click (C:\\Users\\STORM\\AppData\\Local\\Temp\\playwright-java-13661932664657746048\\package\\lib\\server\\dispatchers\\frameDispatcher.js:157:12)\n    at async LongStandingScope._race (C:\\Users\\STORM\\AppData\\Local\\Temp\\playwright-java-13661932664657746048\\package\\lib\\utils\\manualPromise.js:96:14)\n    at async FrameDispatcher._handleCommand (C:\\Users\\STORM\\AppData\\Local\\Temp\\playwright-java-13661932664657746048\\package\\lib\\server\\dispatchers\\dispatcher.js:96:14)\n}\nCall log:\n- waiting for locator(\"//mat-icon[text()='add']\")\n","trace":"com.microsoft.playwright.PlaywrightException: Error {\n  message='Error: strict mode violation: locator(\"//mat-icon[text()='add']\") resolved to 2 elements:\n    1) <mat-icon role=\"img\" aria-hidden=\"true\" data-mat-icon-type=\"font\" class=\"mat-icon notranslate mat-18 material-icons mat-ligature-font mat-icon-no-color\">add</mat-icon> aka getByRole(AriaRole.BUTTON, new Page.GetByRoleOptions().setName(\"إضافة شركة\"))\n    2) <mat-icon role=\"img\" aria-hidden=\"true\" data-mat-icon-type=\"font\" class=\"mat-icon notranslate mat-18 material-icons mat-ligature-font mat-icon-no-color\">add</mat-icon> aka getByRole(AriaRole.BUTTON, new Page.GetByRoleOptions().setName(\"إضافة فئة\"))\n\n  name='Error\n  stack='Error: Error: strict mode violation: locator(\"//mat-icon[text()='add']\") resolved to 2 elements:\n    1) <mat-icon role=\"img\" aria-hidden=\"true\" data-mat-icon-type=\"font\" class=\"mat-icon notranslate mat-18 material-icons mat-ligature-font mat-icon-no-color\">add</mat-icon> aka getByRole(AriaRole.BUTTON, new Page.GetByRoleOptions().setName(\"إضافة شركة\"))\n    2) <mat-icon role=\"img\" aria-hidden=\"true\" data-mat-icon-type=\"font\" class=\"mat-icon notranslate mat-18 material-icons mat-ligature-font mat-icon-no-color\">add</mat-icon> aka getByRole(AriaRole.BUTTON, new Page.GetByRoleOptions().setName(\"إضافة فئة\"))\n\n    at CRExecutionContext.evaluateWithArguments (C:\\Users\\STORM\\AppData\\Local\\Temp\\playwright-java-13661932664657746048\\package\\lib\\server\\chromium\\crExecutionContext.js:92:33)\n    at async LongStandingScope._race (C:\\Users\\STORM\\AppData\\Local\\Temp\\playwright-java-13661932664657746048\\package\\lib\\utils\\manualPromise.js:96:14)\n    at async evaluateExpression (C:\\Users\\STORM\\AppData\\Local\\Temp\\playwright-java-13661932664657746048\\package\\lib\\server\\javascript.js:242:12)\n    at async C:\\Users\\STORM\\AppData\\Local\\Temp\\playwright-java-13661932664657746048\\package\\lib\\server\\frames.js:959:22\n    at async Frame.retryWithProgressAndTimeouts (C:\\Users\\STORM\\AppData\\Local\\Temp\\playwright-java-13661932664657746048\\package\\lib\\server\\frames.js:929:24)\n    at async C:\\Users\\STORM\\AppData\\Local\\Temp\\playwright-java-13661932664657746048\\package\\lib\\server\\frames.js:1014:29\n    at async ProgressController.run (C:\\Users\\STORM\\AppData\\Local\\Temp\\playwright-java-13661932664657746048\\package\\lib\\server\\progress.js:82:22)\n    at async FrameDispatcher.click (C:\\Users\\STORM\\AppData\\Local\\Temp\\playwright-java-13661932664657746048\\package\\lib\\server\\dispatchers\\frameDispatcher.js:157:12)\n    at async LongStandingScope._race (C:\\Users\\STORM\\AppData\\Local\\Temp\\playwright-java-13661932664657746048\\package\\lib\\utils\\manualPromise.js:96:14)\n    at async FrameDispatcher._handleCommand (C:\\Users\\STORM\\AppData\\Local\\Temp\\playwright-java-13661932664657746048\\package\\lib\\server\\dispatchers\\dispatcher.js:96:14)\n}\nCall log:\n- waiting for locator(\"//mat-icon[text()='add']\")\n\r\n\tat com.microsoft.playwright.impl.WaitableResult.get(WaitableResult.java:56)\r\n\tat com.microsoft.playwright.impl.ChannelOwner.runUntil(ChannelOwner.java:120)\r\n\tat com.microsoft.playwright.impl.Connection.sendMessage(Connection.java:130)\r\n\tat com.microsoft.playwright.impl.ChannelOwner.sendMessage(ChannelOwner.java:106)\r\n\tat com.microsoft.playwright.impl.FrameImpl.clickImpl(FrameImpl.java:252)\r\n\tat com.microsoft.playwright.impl.FrameImpl.lambda$click$8(FrameImpl.java:243)\r\n\tat com.microsoft.playwright.impl.LoggingSupport.lambda$withLogging$0(LoggingSupport.java:36)\r\n\tat com.microsoft.playwright.impl.LoggingSupport.withLogging(LoggingSupport.java:47)\r\n\tat com.microsoft.playwright.impl.ChannelOwner.withLogging(ChannelOwner.java:89)\r\n\tat com.microsoft.playwright.impl.LoggingSupport.withLogging(LoggingSupport.java:35)\r\n\tat com.microsoft.playwright.impl.FrameImpl.click(FrameImpl.java:243)\r\n\tat com.microsoft.playwright.impl.LocatorImpl.click(LocatorImpl.java:160)\r\n\tat com.microsoft.playwright.Locator.click(Locator.java:2406)\r\n\tat Page.PageBase.clickButton(PageBase.java:32)\r\n\tat Page.companyPage.add_new_company(companyPage.java:32)\r\n\tat Test.CompanyTest.testaddcompany(CompanyTest.java:19)\r\n\tat java.base/jdk.internal.reflect.NativeMethodAccessorImpl.invoke0(Native Method)\r\n\tat java.base/jdk.internal.reflect.NativeMethodAccessorImpl.invoke(NativeMethodAccessorImpl.java:77)\r\n\tat java.base/jdk.internal.reflect.DelegatingMethodAccessorImpl.invoke(DelegatingMethodAccessorImpl.java:43)\r\n\tat java.base/java.lang.reflect.Method.invoke(Method.java:568)\r\n\tat org.testng.internal.MethodInvocationHelper.invokeMethod(MethodInvocationHelper.java:124)\r\n\tat org.testng.internal.Invoker.invokeMethod(Invoker.java:583)\r\n\tat org.testng.internal.Invoker.invokeTestMethod(Invoker.java:719)\r\n\tat org.testng.internal.Invoker.invokeTestMethods(Invoker.java:989)\r\n\tat org.testng.internal.TestMethodWorker.invokeTestMethods(TestMethodWorker.java:125)\r\n\tat org.testng.internal.TestMethodWorker.run(TestMethodWorker.java:109)\r\n\tat org.testng.TestRunner.privateRun(TestRunner.java:648)\r\n\tat org.testng.TestRunner.run(TestRunner.java:505)\r\n\tat org.testng.SuiteRunner.runTest(SuiteRunner.java:455)\r\n\tat org.testng.SuiteRunner.runSequentially(SuiteRunner.java:450)\r\n\tat org.testng.SuiteRunner.privateRun(SuiteRunner.java:415)\r\n\tat org.testng.SuiteRunner.run(SuiteRunner.java:364)\r\n\tat org.testng.SuiteRunnerWorker.runSuite(SuiteRunnerWorker.java:52)\r\n\tat org.testng.SuiteRunnerWorker.run(SuiteRunnerWorker.java:84)\r\n\tat org.testng.TestNG.runSuitesSequentially(TestNG.java:1208)\r\n\tat org.testng.TestNG.runSuitesLocally(TestNG.java:1137)\r\n\tat org.testng.TestNG.runSuites(TestNG.java:1049)\r\n\tat org.testng.TestNG.run(TestNG.java:1017)\r\n\tat org.apache.maven.surefire.testng.TestNGExecutor.run(TestNGExecutor.java:281)\r\n\tat org.apache.maven.surefire.testng.TestNGXmlTestSuite.execute(TestNGXmlTestSuite.java:75)\r\n\tat org.apache.maven.surefire.testng.TestNGProvider.invoke(TestNGProvider.java:121)\r\n\tat org.apache.maven.surefire.booter.ForkedBooter.invokeProviderInSameClassLoader(ForkedBooter.java:290)\r\n\tat org.apache.maven.surefire.booter.ForkedBooter.runSuitesInProcess(ForkedBooter.java:242)\r\n\tat org.apache.maven.surefire.booter.ForkedBooter.main(ForkedBooter.java:121)\r\nCaused by: com.microsoft.playwright.impl.DriverException: Error {\n  message='Error: strict mode violation: locator(\"//mat-icon[text()='add']\") resolved to 2 elements:\n    1) <mat-icon role=\"img\" aria-hidden=\"true\" data-mat-icon-type=\"font\" class=\"mat-icon notranslate mat-18 material-icons mat-ligature-font mat-icon-no-color\">add</mat-icon> aka getByRole(AriaRole.BUTTON, new Page.GetByRoleOptions().setName(\"إضافة شركة\"))\n    2) <mat-icon role=\"img\" aria-hidden=\"true\" data-mat-icon-type=\"font\" class=\"mat-icon notranslate mat-18 material-icons mat-ligature-font mat-icon-no-color\">add</mat-icon> aka getByRole(AriaRole.BUTTON, new Page.GetByRoleOptions().setName(\"إضافة فئة\"))\n\n  name='Error\n  stack='Error: Error: strict mode violation: locator(\"//mat-icon[text()='add']\") resolved to 2 elements:\n    1) <mat-icon role=\"img\" aria-hidden=\"true\" data-mat-icon-type=\"font\" class=\"mat-icon notranslate mat-18 material-icons mat-ligature-font mat-icon-no-color\">add</mat-icon> aka getByRole(AriaRole.BUTTON, new Page.GetByRoleOptions().setName(\"إضافة شركة\"))\n    2) <mat-icon role=\"img\" aria-hidden=\"true\" data-mat-icon-type=\"font\" class=\"mat-icon notranslate mat-18 material-icons mat-ligature-font mat-icon-no-color\">add</mat-icon> aka getByRole(AriaRole.BUTTON, new Page.GetByRoleOptions().setName(\"إضافة فئة\"))\n\n    at CRExecutionContext.evaluateWithArguments (C:\\Users\\STORM\\AppData\\Local\\Temp\\playwright-java-13661932664657746048\\package\\lib\\server\\chromium\\crExecutionContext.js:92:33)\n    at async LongStandingScope._race (C:\\Users\\STORM\\AppData\\Local\\Temp\\playwright-java-13661932664657746048\\package\\lib\\utils\\manualPromise.js:96:14)\n    at async evaluateExpression (C:\\Users\\STORM\\AppData\\Local\\Temp\\playwright-java-13661932664657746048\\package\\lib\\server\\javascript.js:242:12)\n    at async C:\\Users\\STORM\\AppData\\Local\\Temp\\playwright-java-13661932664657746048\\package\\lib\\server\\frames.js:959:22\n    at async Frame.retryWithProgressAndTimeouts (C:\\Users\\STORM\\AppData\\Local\\Temp\\playwright-java-13661932664657746048\\package\\lib\\server\\frames.js:929:24)\n    at async C:\\Users\\STORM\\AppData\\Local\\Temp\\playwright-java-13661932664657746048\\package\\lib\\server\\frames.js:1014:29\n    at async ProgressController.run (C:\\Users\\STORM\\AppData\\Local\\Temp\\playwright-java-13661932664657746048\\package\\lib\\server\\progress.js:82:22)\n    at async FrameDispatcher.click (C:\\Users\\STORM\\AppData\\Local\\Temp\\playwright-java-13661932664657746048\\package\\lib\\server\\dispatchers\\frameDispatcher.js:157:12)\n    at async LongStandingScope._race (C:\\Users\\STORM\\AppData\\Local\\Temp\\playwright-java-13661932664657746048\\package\\lib\\utils\\manualPromise.js:96:14)\n    at async FrameDispatcher._handleCommand (C:\\Users\\STORM\\AppData\\Local\\Temp\\playwright-java-13661932664657746048\\package\\lib\\server\\dispatchers\\dispatcher.js:96:14)\n}\nCall log:\n- waiting for locator(\"//mat-icon[text()='add']\")\n\r\n\tat com.microsoft.playwright.impl.Connection.dispatch(Connection.java:259)\r\n\tat com.microsoft.playwright.impl.Connection.processOneMessage(Connection.java:211)\r\n\tat com.microsoft.playwright.impl.ChannelOwner.runUntil(ChannelOwner.java:118)\r\n\t... 42 more\r\n"},"stage":"finished","steps":[],"attachments":[],"parameters":[{"name":"browser","value":"chrome"}],"start":1766058211367,"stop":1766058213081}