{"uuid":"6b715e9b-9202-4235-991b-332249106498","historyId":"756e7dd54d50956aa057a8aa1137bcac","fullName":"Test.CompanyTest.testaddcard","labels":[{"name":"package","value":"Test.CompanyTest"},{"name":"testClass","value":"Test.CompanyTest"},{"name":"testMethod","value":"testaddcard"},{"name":"parentSuite","value":"ECommerece"},{"name":"suite","value":"base"},{"name":"subSuite","value":"Test.CompanyTest"},{"name":"host","value":"DESKTOP-55N8I2I"},{"name":"thread","value":"15848@DESKTOP-55N8I2I.main(1)"},{"name":"framework","value":"testng"},{"name":"language","value":"java"}],"links":[],"name":"testaddcard","status":"broken","statusDetails":{"known":false,"muted":false,"flaky":false,"message":"Error {\n  message='SyntaxError: Failed to execute 'evaluate' on 'Document': The string '//input[@formcontrolname='description]' is not a valid XPath expression.\n    at Object.queryAll (<anonymous>:41:25)\n    at InjectedScript._queryEngineAll (<anonymous>:5168:49)\n    at InjectedScript.querySelectorAll (<anonymous>:5155:30)\n    at eval (eval at evaluate (:234:30), <anonymous>:5:35)\n    at UtilityScript.evaluate (<anonymous>:236:17)\n    at UtilityScript.<anonymous> (<anonymous>:1:44)\n  name='Error\n  stack='Error: SyntaxError: Failed to execute 'evaluate' on 'Document': The string '//input[@formcontrolname='description]' is not a valid XPath expression.\n    at Object.queryAll (<anonymous>:41:25)\n    at InjectedScript._queryEngineAll (<anonymous>:5168:49)\n    at InjectedScript.querySelectorAll (<anonymous>:5155:30)\n    at eval (eval at evaluate (:234:30), <anonymous>:5:35)\n    at UtilityScript.evaluate (<anonymous>:236:17)\n    at UtilityScript.<anonymous> (<anonymous>:1:44)\n    at CRExecutionContext.evaluateWithArguments (C:\\Users\\STORM\\AppData\\Local\\Temp\\playwright-java-12591520210184268700\\package\\lib\\server\\chromium\\crExecutionContext.js:92:33)\n    at async LongStandingScope._race (C:\\Users\\STORM\\AppData\\Local\\Temp\\playwright-java-12591520210184268700\\package\\lib\\utils\\manualPromise.js:96:14)\n    at async evaluateExpression (C:\\Users\\STORM\\AppData\\Local\\Temp\\playwright-java-12591520210184268700\\package\\lib\\server\\javascript.js:242:12)\n    at async C:\\Users\\STORM\\AppData\\Local\\Temp\\playwright-java-12591520210184268700\\package\\lib\\server\\frames.js:640:22\n    at async Frame.retryWithProgressAndTimeouts (C:\\Users\\STORM\\AppData\\Local\\Temp\\playwright-java-12591520210184268700\\package\\lib\\server\\frames.js:929:24)\n    at async C:\\Users\\STORM\\AppData\\Local\\Temp\\playwright-java-12591520210184268700\\package\\lib\\server\\frames.js:626:14\n    at async ProgressController.run (C:\\Users\\STORM\\AppData\\Local\\Temp\\playwright-java-12591520210184268700\\package\\lib\\server\\progress.js:82:22)\n    at async FrameDispatcher.waitForSelector (C:\\Users\\STORM\\AppData\\Local\\Temp\\playwright-java-12591520210184268700\\package\\lib\\server\\dispatchers\\frameDispatcher.js:105:85)\n    at async LongStandingScope._race (C:\\Users\\STORM\\AppData\\Local\\Temp\\playwright-java-12591520210184268700\\package\\lib\\utils\\manualPromise.js:96:14)\n    at async FrameDispatcher._handleCommand (C:\\Users\\STORM\\AppData\\Local\\Temp\\playwright-java-12591520210184268700\\package\\lib\\server\\dispatchers\\dispatcher.js:96:14)\n}\nCall log:\n- waiting for locator(\"//input[@formcontrolname='description]\") to be visible\n","trace":"com.microsoft.playwright.PlaywrightException: Error {\n  message='SyntaxError: Failed to execute 'evaluate' on 'Document': The string '//input[@formcontrolname='description]' is not a valid XPath expression.\n    at Object.queryAll (<anonymous>:41:25)\n    at InjectedScript._queryEngineAll (<anonymous>:5168:49)\n    at InjectedScript.querySelectorAll (<anonymous>:5155:30)\n    at eval (eval at evaluate (:234:30), <anonymous>:5:35)\n    at UtilityScript.evaluate (<anonymous>:236:17)\n    at UtilityScript.<anonymous> (<anonymous>:1:44)\n  name='Error\n  stack='Error: SyntaxError: Failed to execute 'evaluate' on 'Document': The string '//input[@formcontrolname='description]' is not a valid XPath expression.\n    at Object.queryAll (<anonymous>:41:25)\n    at InjectedScript._queryEngineAll (<anonymous>:5168:49)\n    at InjectedScript.querySelectorAll (<anonymous>:5155:30)\n    at eval (eval at evaluate (:234:30), <anonymous>:5:35)\n    at UtilityScript.evaluate (<anonymous>:236:17)\n    at UtilityScript.<anonymous> (<anonymous>:1:44)\n    at CRExecutionContext.evaluateWithArguments (C:\\Users\\STORM\\AppData\\Local\\Temp\\playwright-java-12591520210184268700\\package\\lib\\server\\chromium\\crExecutionContext.js:92:33)\n    at async LongStandingScope._race (C:\\Users\\STORM\\AppData\\Local\\Temp\\playwright-java-12591520210184268700\\package\\lib\\utils\\manualPromise.js:96:14)\n    at async evaluateExpression (C:\\Users\\STORM\\AppData\\Local\\Temp\\playwright-java-12591520210184268700\\package\\lib\\server\\javascript.js:242:12)\n    at async C:\\Users\\STORM\\AppData\\Local\\Temp\\playwright-java-12591520210184268700\\package\\lib\\server\\frames.js:640:22\n    at async Frame.retryWithProgressAndTimeouts (C:\\Users\\STORM\\AppData\\Local\\Temp\\playwright-java-12591520210184268700\\package\\lib\\server\\frames.js:929:24)\n    at async C:\\Users\\STORM\\AppData\\Local\\Temp\\playwright-java-12591520210184268700\\package\\lib\\server\\frames.js:626:14\n    at async ProgressController.run (C:\\Users\\STORM\\AppData\\Local\\Temp\\playwright-java-12591520210184268700\\package\\lib\\server\\progress.js:82:22)\n    at async FrameDispatcher.waitForSelector (C:\\Users\\STORM\\AppData\\Local\\Temp\\playwright-java-12591520210184268700\\package\\lib\\server\\dispatchers\\frameDispatcher.js:105:85)\n    at async LongStandingScope._race (C:\\Users\\STORM\\AppData\\Local\\Temp\\playwright-java-12591520210184268700\\package\\lib\\utils\\manualPromise.js:96:14)\n    at async FrameDispatcher._handleCommand (C:\\Users\\STORM\\AppData\\Local\\Temp\\playwright-java-12591520210184268700\\package\\lib\\server\\dispatchers\\dispatcher.js:96:14)\n}\nCall log:\n- waiting for locator(\"//input[@formcontrolname='description]\") to be visible\n\r\n\tat com.microsoft.playwright.impl.WaitableResult.get(WaitableResult.java:56)\r\n\tat com.microsoft.playwright.impl.ChannelOwner.runUntil(ChannelOwner.java:120)\r\n\tat com.microsoft.playwright.impl.Connection.sendMessage(Connection.java:130)\r\n\tat com.microsoft.playwright.impl.ChannelOwner.sendMessage(ChannelOwner.java:106)\r\n\tat com.microsoft.playwright.impl.FrameImpl.waitForSelectorImpl(FrameImpl.java:1060)\r\n\tat com.microsoft.playwright.impl.FrameImpl.waitForSelectorImpl(FrameImpl.java:1050)\r\n\tat com.microsoft.playwright.impl.PageImpl.lambda$waitForSelector$93(PageImpl.java:1553)\r\n\tat com.microsoft.playwright.impl.LoggingSupport.withLogging(LoggingSupport.java:47)\r\n\tat com.microsoft.playwright.impl.ChannelOwner.withLogging(ChannelOwner.java:89)\r\n\tat com.microsoft.playwright.impl.PageImpl.waitForSelector(PageImpl.java:1552)\r\n\tat Page.PageBase.wait_for_element(PageBase.java:17)\r\n\tat Page.PageBase.sendText(PageBase.java:43)\r\n\tat Page.cardCategoryPage.addcard(cardCategoryPage.java:28)\r\n\tat Test.CompanyTest.testaddcard(CompanyTest.java:29)\r\n\tat java.base/jdk.internal.reflect.NativeMethodAccessorImpl.invoke0(Native Method)\r\n\tat java.base/jdk.internal.reflect.NativeMethodAccessorImpl.invoke(NativeMethodAccessorImpl.java:77)\r\n\tat java.base/jdk.internal.reflect.DelegatingMethodAccessorImpl.invoke(DelegatingMethodAccessorImpl.java:43)\r\n\tat java.base/java.lang.reflect.Method.invoke(Method.java:568)\r\n\tat org.testng.internal.MethodInvocationHelper.invokeMethod(MethodInvocationHelper.java:124)\r\n\tat org.testng.internal.Invoker.invokeMethod(Invoker.java:583)\r\n\tat org.testng.internal.Invoker.invokeTestMethod(Invoker.java:719)\r\n\tat org.testng.internal.Invoker.invokeTestMethods(Invoker.java:989)\r\n\tat org.testng.internal.TestMethodWorker.invokeTestMethods(TestMethodWorker.java:125)\r\n\tat org.testng.internal.TestMethodWorker.run(TestMethodWorker.java:109)\r\n\tat org.testng.TestRunner.privateRun(TestRunner.java:648)\r\n\tat org.testng.TestRunner.run(TestRunner.java:505)\r\n\tat org.testng.SuiteRunner.runTest(SuiteRunner.java:455)\r\n\tat org.testng.SuiteRunner.runSequentially(SuiteRunner.java:450)\r\n\tat org.testng.SuiteRunner.privateRun(SuiteRunner.java:415)\r\n\tat org.testng.SuiteRunner.run(SuiteRunner.java:364)\r\n\tat org.testng.SuiteRunnerWorker.runSuite(SuiteRunnerWorker.java:52)\r\n\tat org.testng.SuiteRunnerWorker.run(SuiteRunnerWorker.java:84)\r\n\tat org.testng.TestNG.runSuitesSequentially(TestNG.java:1208)\r\n\tat org.testng.TestNG.runSuitesLocally(TestNG.java:1137)\r\n\tat org.testng.TestNG.runSuites(TestNG.java:1049)\r\n\tat org.testng.TestNG.run(TestNG.java:1017)\r\n\tat org.apache.maven.surefire.testng.TestNGExecutor.run(TestNGExecutor.java:281)\r\n\tat org.apache.maven.surefire.testng.TestNGXmlTestSuite.execute(TestNGXmlTestSuite.java:75)\r\n\tat org.apache.maven.surefire.testng.TestNGProvider.invoke(TestNGProvider.java:121)\r\n\tat org.apache.maven.surefire.booter.ForkedBooter.invokeProviderInSameClassLoader(ForkedBooter.java:290)\r\n\tat org.apache.maven.surefire.booter.ForkedBooter.runSuitesInProcess(ForkedBooter.java:242)\r\n\tat org.apache.maven.surefire.booter.ForkedBooter.main(ForkedBooter.java:121)\r\nCaused by: com.microsoft.playwright.impl.DriverException: Error {\n  message='SyntaxError: Failed to execute 'evaluate' on 'Document': The string '//input[@formcontrolname='description]' is not a valid XPath expression.\n    at Object.queryAll (<anonymous>:41:25)\n    at InjectedScript._queryEngineAll (<anonymous>:5168:49)\n    at InjectedScript.querySelectorAll (<anonymous>:5155:30)\n    at eval (eval at evaluate (:234:30), <anonymous>:5:35)\n    at UtilityScript.evaluate (<anonymous>:236:17)\n    at UtilityScript.<anonymous> (<anonymous>:1:44)\n  name='Error\n  stack='Error: SyntaxError: Failed to execute 'evaluate' on 'Document': The string '//input[@formcontrolname='description]' is not a valid XPath expression.\n    at Object.queryAll (<anonymous>:41:25)\n    at InjectedScript._queryEngineAll (<anonymous>:5168:49)\n    at InjectedScript.querySelectorAll (<anonymous>:5155:30)\n    at eval (eval at evaluate (:234:30), <anonymous>:5:35)\n    at UtilityScript.evaluate (<anonymous>:236:17)\n    at UtilityScript.<anonymous> (<anonymous>:1:44)\n    at CRExecutionContext.evaluateWithArguments (C:\\Users\\STORM\\AppData\\Local\\Temp\\playwright-java-12591520210184268700\\package\\lib\\server\\chromium\\crExecutionContext.js:92:33)\n    at async LongStandingScope._race (C:\\Users\\STORM\\AppData\\Local\\Temp\\playwright-java-12591520210184268700\\package\\lib\\utils\\manualPromise.js:96:14)\n    at async evaluateExpression (C:\\Users\\STORM\\AppData\\Local\\Temp\\playwright-java-12591520210184268700\\package\\lib\\server\\javascript.js:242:12)\n    at async C:\\Users\\STORM\\AppData\\Local\\Temp\\playwright-java-12591520210184268700\\package\\lib\\server\\frames.js:640:22\n    at async Frame.retryWithProgressAndTimeouts (C:\\Users\\STORM\\AppData\\Local\\Temp\\playwright-java-12591520210184268700\\package\\lib\\server\\frames.js:929:24)\n    at async C:\\Users\\STORM\\AppData\\Local\\Temp\\playwright-java-12591520210184268700\\package\\lib\\server\\frames.js:626:14\n    at async ProgressController.run (C:\\Users\\STORM\\AppData\\Local\\Temp\\playwright-java-12591520210184268700\\package\\lib\\server\\progress.js:82:22)\n    at async FrameDispatcher.waitForSelector (C:\\Users\\STORM\\AppData\\Local\\Temp\\playwright-java-12591520210184268700\\package\\lib\\server\\dispatchers\\frameDispatcher.js:105:85)\n    at async LongStandingScope._race (C:\\Users\\STORM\\AppData\\Local\\Temp\\playwright-java-12591520210184268700\\package\\lib\\utils\\manualPromise.js:96:14)\n    at async FrameDispatcher._handleCommand (C:\\Users\\STORM\\AppData\\Local\\Temp\\playwright-java-12591520210184268700\\package\\lib\\server\\dispatchers\\dispatcher.js:96:14)\n}\nCall log:\n- waiting for locator(\"//input[@formcontrolname='description]\") to be visible\n\r\n\tat com.microsoft.playwright.impl.Connection.dispatch(Connection.java:259)\r\n\tat com.microsoft.playwright.impl.Connection.processOneMessage(Connection.java:211)\r\n\tat com.microsoft.playwright.impl.ChannelOwner.runUntil(ChannelOwner.java:118)\r\n\t... 40 more\r\n"},"stage":"finished","steps":[],"attachments":[],"parameters":[{"name":"browser","value":"chrome"}],"start":1766068006191,"stop":1766068009734}